[14:32:29] [main/INFO]: Environment: authHost='https://authserver.mojang.com', accountsHost='https://api.mojang.com', sessionHost='https://sessionserver.mojang.com', name='PROD'
[14:32:30] [main/WARN]: Ambiguity between arguments [teleport, destination] and [teleport, targets] with inputs: [Player, 0123, @e, dd12be42-52a9-4a91-a8a1-11c01849e498]
[14:32:30] [main/WARN]: Ambiguity between arguments [teleport, location] and [teleport, destination] with inputs: [0.1 -0.5 .9, 0 0 0]
[14:32:30] [main/WARN]: Ambiguity between arguments [teleport, location] and [teleport, targets] with inputs: [0.1 -0.5 .9, 0 0 0]
[14:32:30] [main/WARN]: Ambiguity between arguments [teleport, targets] and [teleport, destination] with inputs: [Player, 0123, dd12be42-52a9-4a91-a8a1-11c01849e498]
[14:32:30] [main/WARN]: Ambiguity between arguments [teleport, targets, location] and [teleport, targets, destination] with inputs: [0.1 -0.5 .9, 0 0 0]
[14:32:30] [main/INFO]: Reloading ResourceManager: Default
[14:32:31] [Worker-Main-4/INFO]: Loaded 7 recipes
[14:32:32] [Worker-Main-4/INFO]: Loaded 927 advancements
[14:32:35] [Server thread/INFO]: Starting minecraft server version 1.16.3
[14:32:35] [Server thread/INFO]: Loading properties
[14:32:35] [Server thread/INFO]: Default game type: SURVIVAL
[14:32:35] [Server thread/INFO]: Generating keypair
[14:32:35] [Server thread/INFO]: Starting Minecraft server on *:25565
[14:32:35] [Server thread/INFO]: Using epoll channel type
[14:32:35] [Server thread/INFO]: Preparing level "world"
[14:32:36] [Server thread/INFO]: Preparing start region for dimension minecraft:overworld
[14:32:39] [Server thread/INFO]: Preparing spawn area: 0%
[14:32:39] [Server thread/INFO]: Preparing spawn area: 0%
[14:32:39] [Server thread/INFO]: Preparing spawn area: 0%
[14:32:39] [Server thread/INFO]: Preparing spawn area: 0%
[14:32:39] [Server thread/INFO]: Preparing spawn area: 0%
[14:32:39] [Server thread/INFO]: Preparing spawn area: 0%
[14:32:39] [Server thread/INFO]: Preparing spawn area: 0%
[14:32:39] [Server thread/INFO]: Preparing spawn area: 0%
[14:32:40] [Server thread/INFO]: Preparing spawn area: 0%
[14:32:40] [Server thread/INFO]: Preparing spawn area: 57%
[14:32:41] [Server thread/INFO]: Time elapsed: 5039 ms
[14:32:41] [Server thread/INFO]: Done (5.311s)! For help, type "help"
[14:32:41] [Server thread/INFO]: Starting remote control listener
[14:32:41] [Server thread/INFO]: Thread RCON Listener started
[14:32:41] [Server thread/INFO]: RCON running on 0.0.0.0:25575
[14:32:54] [User Authenticator #1/INFO]: UUID of player dingsdabum is a802671f-b273-4f96-83c0-f49915241702
[14:32:55] [Server thread/INFO]: dingsdabum[/83.135.220.149:43024] logged in with entity id 219 at (-31.146022856752612, 68.0, -108.8670272697113)
[14:32:55] [Server thread/INFO]: dingsdabum joined the game
[14:32:58] [Server thread/WARN]: Can't keep up! Is the server overloaded? Running 2017ms or 40 ticks behind
[14:38:36] [Server thread/INFO]: dingsdabum lost connection: Disconnected
[14:38:36] [Server thread/INFO]: dingsdabum left the game
[14:39:22] [RCON Listener #1/INFO]: Thread RCON Client /127.0.0.1 started
[14:39:38] [RCON Client /127.0.0.1 #2/INFO]: Thread RCON Client /127.0.0.1 shutting down
[14:39:41] [RCON Listener #1/INFO]: Thread RCON Client /127.0.0.1 started
[14:39:54] [RCON Client /127.0.0.1 #3/INFO]: Thread RCON Client /127.0.0.1 shutting down
